::1 - - [21/Sep/2020:03:25:33 +0530] "GET / HTTP/1.1" 403 310 "https://medium.com/@ahmadalsajid/serve-django-applications-with-mode-wsgi-and-apache-on-windows-server-4d35ab2ac6b6" "Mozilla/5.0 (Windows NT 10.0; Win64; x64) AppleWebKit/537.36 (KHTML, like Gecko) Chrome/85.0.4183.102 Safari/537.36"
::1 - - [21/Sep/2020:03:25:33 +0530] "GET /favicon.ico HTTP/1.1" 403 310 "http://localhost/" "Mozilla/5.0 (Windows NT 10.0; Win64; x64) AppleWebKit/537.36 (KHTML, like Gecko) Chrome/85.0.4183.102 Safari/537.36"
::1 - - [21/Sep/2020:03:25:53 +0530] "GET /board/home HTTP/1.1" 403 310 "-" "Mozilla/5.0 (Windows NT 10.0; Win64; x64) AppleWebKit/537.36 (KHTML, like Gecko) Chrome/85.0.4183.102 Safari/537.36"
::1 - - [21/Sep/2020:03:25:53 +0530] "GET /favicon.ico HTTP/1.1" 403 310 "http://localhost/board/home" "Mozilla/5.0 (Windows NT 10.0; Win64; x64) AppleWebKit/537.36 (KHTML, like Gecko) Chrome/85.0.4183.102 Safari/537.36"
::1 - - [21/Sep/2020:03:25:56 +0530] "GET /board/home HTTP/1.1" 403 310 "-" "Mozilla/5.0 (Windows NT 10.0; Win64; x64) AppleWebKit/537.36 (KHTML, like Gecko) Chrome/85.0.4183.102 Safari/537.36"
::1 - - [21/Sep/2020:03:25:56 +0530] "GET /favicon.ico HTTP/1.1" 403 310 "http://localhost/board/home" "Mozilla/5.0 (Windows NT 10.0; Win64; x64) AppleWebKit/537.36 (KHTML, like Gecko) Chrome/85.0.4183.102 Safari/537.36"
::1 - - [21/Sep/2020:03:25:59 +0530] "GET /board/home HTTP/1.1" 403 310 "-" "Mozilla/5.0 (Windows NT 10.0; Win64; x64) AppleWebKit/537.36 (KHTML, like Gecko) Chrome/85.0.4183.102 Safari/537.36"
::1 - - [21/Sep/2020:03:25:59 +0530] "GET /favicon.ico HTTP/1.1" 403 310 "http://localhost/board/home" "Mozilla/5.0 (Windows NT 10.0; Win64; x64) AppleWebKit/537.36 (KHTML, like Gecko) Chrome/85.0.4183.102 Safari/537.36"
::1 - - [21/Sep/2020:03:26:15 +0530] "GET / HTTP/1.1" 403 310 "-" "Mozilla/5.0 (Windows NT 10.0; Win64; x64) AppleWebKit/537.36 (KHTML, like Gecko) Chrome/85.0.4183.102 Safari/537.36"
::1 - - [21/Sep/2020:03:26:16 +0530] "GET /favicon.ico HTTP/1.1" 403 310 "http://localhost/" "Mozilla/5.0 (Windows NT 10.0; Win64; x64) AppleWebKit/537.36 (KHTML, like Gecko) Chrome/85.0.4183.102 Safari/537.36"
::1 - - [21/Sep/2020:03:31:06 +0530] "GET /board/home HTTP/1.1" 403 310 "-" "Mozilla/5.0 (Windows NT 10.0; Win64; x64) AppleWebKit/537.36 (KHTML, like Gecko) Chrome/85.0.4183.102 Safari/537.36"
::1 - - [21/Sep/2020:03:31:06 +0530] "GET /favicon.ico HTTP/1.1" 403 310 "http://localhost/board/home" "Mozilla/5.0 (Windows NT 10.0; Win64; x64) AppleWebKit/537.36 (KHTML, like Gecko) Chrome/85.0.4183.102 Safari/537.36"
::1 - - [21/Sep/2020:03:31:26 +0530] "GET / HTTP/1.1" 403 310 "-" "Mozilla/5.0 (Windows NT 10.0; Win64; x64) AppleWebKit/537.36 (KHTML, like Gecko) Chrome/85.0.4183.102 Safari/537.36"
::1 - - [21/Sep/2020:03:31:26 +0530] "GET /favicon.ico HTTP/1.1" 403 310 "http://localhost/" "Mozilla/5.0 (Windows NT 10.0; Win64; x64) AppleWebKit/537.36 (KHTML, like Gecko) Chrome/85.0.4183.102 Safari/537.36"
::1 - - [21/Sep/2020:03:31:31 +0530] "GET /home HTTP/1.1" 403 310 "-" "Mozilla/5.0 (Windows NT 10.0; Win64; x64) AppleWebKit/537.36 (KHTML, like Gecko) Chrome/85.0.4183.102 Safari/537.36"
::1 - - [21/Sep/2020:03:31:31 +0530] "GET /favicon.ico HTTP/1.1" 403 310 "http://localhost/home" "Mozilla/5.0 (Windows NT 10.0; Win64; x64) AppleWebKit/537.36 (KHTML, like Gecko) Chrome/85.0.4183.102 Safari/537.36"
::1 - - [21/Sep/2020:03:31:38 +0530] "GET /board HTTP/1.1" 403 310 "-" "Mozilla/5.0 (Windows NT 10.0; Win64; x64) AppleWebKit/537.36 (KHTML, like Gecko) Chrome/85.0.4183.102 Safari/537.36"
::1 - - [21/Sep/2020:03:31:38 +0530] "GET /favicon.ico HTTP/1.1" 403 310 "http://localhost/board" "Mozilla/5.0 (Windows NT 10.0; Win64; x64) AppleWebKit/537.36 (KHTML, like Gecko) Chrome/85.0.4183.102 Safari/537.36"
::1 - - [21/Sep/2020:03:31:41 +0530] "GET /board HTTP/1.1" 403 310 "-" "Mozilla/5.0 (Windows NT 10.0; Win64; x64) AppleWebKit/537.36 (KHTML, like Gecko) Chrome/85.0.4183.102 Safari/537.36"
::1 - - [21/Sep/2020:03:31:41 +0530] "GET /favicon.ico HTTP/1.1" 403 310 "http://localhost/board" "Mozilla/5.0 (Windows NT 10.0; Win64; x64) AppleWebKit/537.36 (KHTML, like Gecko) Chrome/85.0.4183.102 Safari/537.36"
::1 - - [21/Sep/2020:03:33:26 +0530] "GET /board HTTP/1.1" 403 310 "-" "Mozilla/5.0 (Windows NT 10.0; Win64; x64) AppleWebKit/537.36 (KHTML, like Gecko) Chrome/85.0.4183.102 Safari/537.36"
::1 - - [21/Sep/2020:03:33:26 +0530] "GET /favicon.ico HTTP/1.1" 403 310 "http://localhost/board" "Mozilla/5.0 (Windows NT 10.0; Win64; x64) AppleWebKit/537.36 (KHTML, like Gecko) Chrome/85.0.4183.102 Safari/537.36"
::1 - - [21/Sep/2020:03:33:28 +0530] "GET /board HTTP/1.1" 403 310 "-" "Mozilla/5.0 (Windows NT 10.0; Win64; x64) AppleWebKit/537.36 (KHTML, like Gecko) Chrome/85.0.4183.102 Safari/537.36"
::1 - - [21/Sep/2020:03:33:28 +0530] "GET /favicon.ico HTTP/1.1" 403 310 "http://localhost/board" "Mozilla/5.0 (Windows NT 10.0; Win64; x64) AppleWebKit/537.36 (KHTML, like Gecko) Chrome/85.0.4183.102 Safari/537.36"
::1 - - [21/Sep/2020:03:33:31 +0530] "GET / HTTP/1.1" 403 310 "-" "Mozilla/5.0 (Windows NT 10.0; Win64; x64) AppleWebKit/537.36 (KHTML, like Gecko) Chrome/85.0.4183.102 Safari/537.36"
::1 - - [21/Sep/2020:03:33:31 +0530] "GET /favicon.ico HTTP/1.1" 403 310 "http://localhost/" "Mozilla/5.0 (Windows NT 10.0; Win64; x64) AppleWebKit/537.36 (KHTML, like Gecko) Chrome/85.0.4183.102 Safari/537.36"
::1 - - [21/Sep/2020:03:33:34 +0530] "GET / HTTP/1.1" 403 310 "-" "Mozilla/5.0 (Windows NT 10.0; Win64; x64) AppleWebKit/537.36 (KHTML, like Gecko) Chrome/85.0.4183.102 Safari/537.36"
::1 - - [21/Sep/2020:03:33:34 +0530] "GET /favicon.ico HTTP/1.1" 403 310 "http://localhost/" "Mozilla/5.0 (Windows NT 10.0; Win64; x64) AppleWebKit/537.36 (KHTML, like Gecko) Chrome/85.0.4183.102 Safari/537.36"
::1 - - [21/Sep/2020:03:34:08 +0530] "GET / HTTP/1.1" 403 310 "-" "Mozilla/5.0 (Windows NT 10.0; Win64; x64) AppleWebKit/537.36 (KHTML, like Gecko) Chrome/85.0.4183.102 Safari/537.36"
::1 - - [21/Sep/2020:03:34:09 +0530] "GET /favicon.ico HTTP/1.1" 403 310 "http://localhost/" "Mozilla/5.0 (Windows NT 10.0; Win64; x64) AppleWebKit/537.36 (KHTML, like Gecko) Chrome/85.0.4183.102 Safari/537.36"
::1 - - [21/Sep/2020:03:35:29 +0530] "GET / HTTP/1.1" 403 310 "-" "Mozilla/5.0 (Windows NT 10.0; Win64; x64) AppleWebKit/537.36 (KHTML, like Gecko) Chrome/85.0.4183.102 Safari/537.36"
::1 - - [21/Sep/2020:03:35:30 +0530] "GET /favicon.ico HTTP/1.1" 403 310 "http://localhost/" "Mozilla/5.0 (Windows NT 10.0; Win64; x64) AppleWebKit/537.36 (KHTML, like Gecko) Chrome/85.0.4183.102 Safari/537.36"
::1 - - [21/Sep/2020:03:35:34 +0530] "GET / HTTP/1.1" 403 310 "-" "Mozilla/5.0 (Windows NT 10.0; Win64; x64) AppleWebKit/537.36 (KHTML, like Gecko) Chrome/85.0.4183.102 Safari/537.36"
::1 - - [21/Sep/2020:03:35:34 +0530] "GET /favicon.ico HTTP/1.1" 403 310 "http://localhost/" "Mozilla/5.0 (Windows NT 10.0; Win64; x64) AppleWebKit/537.36 (KHTML, like Gecko) Chrome/85.0.4183.102 Safari/537.36"
::1 - - [21/Sep/2020:03:35:36 +0530] "GET / HTTP/1.1" 403 310 "-" "Mozilla/5.0 (Windows NT 10.0; Win64; x64) AppleWebKit/537.36 (KHTML, like Gecko) Chrome/85.0.4183.102 Safari/537.36"
::1 - - [21/Sep/2020:03:35:36 +0530] "GET /favicon.ico HTTP/1.1" 403 310 "http://localhost/" "Mozilla/5.0 (Windows NT 10.0; Win64; x64) AppleWebKit/537.36 (KHTML, like Gecko) Chrome/85.0.4183.102 Safari/537.36"
::1 - - [21/Sep/2020:03:35:36 +0530] "GET / HTTP/1.1" 403 310 "-" "Mozilla/5.0 (Windows NT 10.0; Win64; x64) AppleWebKit/537.36 (KHTML, like Gecko) Chrome/85.0.4183.102 Safari/537.36"
::1 - - [21/Sep/2020:03:35:36 +0530] "GET /favicon.ico HTTP/1.1" 403 310 "http://localhost/" "Mozilla/5.0 (Windows NT 10.0; Win64; x64) AppleWebKit/537.36 (KHTML, like Gecko) Chrome/85.0.4183.102 Safari/537.36"
::1 - - [21/Sep/2020:03:35:37 +0530] "GET / HTTP/1.1" 403 310 "-" "Mozilla/5.0 (Windows NT 10.0; Win64; x64) AppleWebKit/537.36 (KHTML, like Gecko) Chrome/85.0.4183.102 Safari/537.36"
::1 - - [21/Sep/2020:03:35:37 +0530] "GET /favicon.ico HTTP/1.1" 403 310 "http://localhost/" "Mozilla/5.0 (Windows NT 10.0; Win64; x64) AppleWebKit/537.36 (KHTML, like Gecko) Chrome/85.0.4183.102 Safari/537.36"
::1 - - [21/Sep/2020:03:36:26 +0530] "GET / HTTP/1.1" 403 310 "-" "Mozilla/5.0 (Windows NT 10.0; Win64; x64) AppleWebKit/537.36 (KHTML, like Gecko) Chrome/85.0.4183.102 Safari/537.36"
::1 - - [21/Sep/2020:03:36:26 +0530] "GET /favicon.ico HTTP/1.1" 403 310 "http://localhost/" "Mozilla/5.0 (Windows NT 10.0; Win64; x64) AppleWebKit/537.36 (KHTML, like Gecko) Chrome/85.0.4183.102 Safari/537.36"
::1 - - [21/Sep/2020:03:36:28 +0530] "GET / HTTP/1.1" 403 310 "-" "Mozilla/5.0 (Windows NT 10.0; Win64; x64) AppleWebKit/537.36 (KHTML, like Gecko) Chrome/85.0.4183.102 Safari/537.36"
::1 - - [21/Sep/2020:03:36:28 +0530] "GET /favicon.ico HTTP/1.1" 403 310 "http://localhost/" "Mozilla/5.0 (Windows NT 10.0; Win64; x64) AppleWebKit/537.36 (KHTML, like Gecko) Chrome/85.0.4183.102 Safari/537.36"
::1 - - [21/Sep/2020:03:36:33 +0530] "GET /board HTTP/1.1" 403 310 "-" "Mozilla/5.0 (Windows NT 10.0; Win64; x64) AppleWebKit/537.36 (KHTML, like Gecko) Chrome/85.0.4183.102 Safari/537.36"
::1 - - [21/Sep/2020:03:36:33 +0530] "GET /favicon.ico HTTP/1.1" 403 310 "http://localhost/board" "Mozilla/5.0 (Windows NT 10.0; Win64; x64) AppleWebKit/537.36 (KHTML, like Gecko) Chrome/85.0.4183.102 Safari/537.36"
::1 - - [21/Sep/2020:03:36:49 +0530] "GET / HTTP/1.1" 403 310 "-" "Mozilla/5.0 (Windows NT 10.0; Win64; x64) AppleWebKit/537.36 (KHTML, like Gecko) Chrome/85.0.4183.102 Safari/537.36"
::1 - - [21/Sep/2020:03:36:49 +0530] "GET /favicon.ico HTTP/1.1" 403 310 "http://localhost/" "Mozilla/5.0 (Windows NT 10.0; Win64; x64) AppleWebKit/537.36 (KHTML, like Gecko) Chrome/85.0.4183.102 Safari/537.36"
::1 - - [21/Sep/2020:03:38:07 +0530] "GET / HTTP/1.1" 403 310 "-" "Mozilla/5.0 (Windows NT 10.0; Win64; x64) AppleWebKit/537.36 (KHTML, like Gecko) Chrome/85.0.4183.102 Safari/537.36"
::1 - - [21/Sep/2020:03:38:07 +0530] "GET /favicon.ico HTTP/1.1" 403 310 "http://localhost/" "Mozilla/5.0 (Windows NT 10.0; Win64; x64) AppleWebKit/537.36 (KHTML, like Gecko) Chrome/85.0.4183.102 Safari/537.36"
::1 - - [21/Sep/2020:03:47:53 +0530] "GET / HTTP/1.1" 403 310 "-" "Mozilla/5.0 (Windows NT 10.0; Win64; x64) AppleWebKit/537.36 (KHTML, like Gecko) Chrome/85.0.4183.102 Safari/537.36"
::1 - - [21/Sep/2020:03:47:53 +0530] "GET /favicon.ico HTTP/1.1" 403 310 "http://localhost/" "Mozilla/5.0 (Windows NT 10.0; Win64; x64) AppleWebKit/537.36 (KHTML, like Gecko) Chrome/85.0.4183.102 Safari/537.36"
::1 - - [21/Sep/2020:03:47:55 +0530] "GET / HTTP/1.1" 403 310 "-" "Mozilla/5.0 (Windows NT 10.0; Win64; x64) AppleWebKit/537.36 (KHTML, like Gecko) Chrome/85.0.4183.102 Safari/537.36"
::1 - - [21/Sep/2020:03:47:55 +0530] "GET /favicon.ico HTTP/1.1" 403 310 "http://localhost/" "Mozilla/5.0 (Windows NT 10.0; Win64; x64) AppleWebKit/537.36 (KHTML, like Gecko) Chrome/85.0.4183.102 Safari/537.36"
::1 - - [21/Sep/2020:03:50:10 +0530] "GET / HTTP/1.1" 403 310 "-" "Mozilla/5.0 (Windows NT 10.0; Win64; x64) AppleWebKit/537.36 (KHTML, like Gecko) Chrome/85.0.4183.102 Safari/537.36"
::1 - - [21/Sep/2020:03:50:10 +0530] "GET /favicon.ico HTTP/1.1" 403 310 "http://localhost/" "Mozilla/5.0 (Windows NT 10.0; Win64; x64) AppleWebKit/537.36 (KHTML, like Gecko) Chrome/85.0.4183.102 Safari/537.36"
::1 - - [21/Sep/2020:03:50:13 +0530] "GET / HTTP/1.1" 403 310 "-" "Mozilla/5.0 (Windows NT 10.0; Win64; x64) AppleWebKit/537.36 (KHTML, like Gecko) Chrome/85.0.4183.102 Safari/537.36"
::1 - - [21/Sep/2020:03:50:13 +0530] "GET /favicon.ico HTTP/1.1" 403 310 "http://localhost/" "Mozilla/5.0 (Windows NT 10.0; Win64; x64) AppleWebKit/537.36 (KHTML, like Gecko) Chrome/85.0.4183.102 Safari/537.36"
::1 - - [21/Sep/2020:03:50:16 +0530] "GET / HTTP/1.1" 403 310 "-" "Mozilla/5.0 (Windows NT 10.0; Win64; x64) AppleWebKit/537.36 (KHTML, like Gecko) Chrome/85.0.4183.102 Safari/537.36"
::1 - - [21/Sep/2020:03:50:16 +0530] "GET /favicon.ico HTTP/1.1" 403 310 "http://localhost/" "Mozilla/5.0 (Windows NT 10.0; Win64; x64) AppleWebKit/537.36 (KHTML, like Gecko) Chrome/85.0.4183.102 Safari/537.36"
::1 - - [21/Sep/2020:03:50:17 +0530] "GET / HTTP/1.1" 403 310 "-" "Mozilla/5.0 (Windows NT 10.0; Win64; x64) AppleWebKit/537.36 (KHTML, like Gecko) Chrome/85.0.4183.102 Safari/537.36"
::1 - - [21/Sep/2020:03:50:17 +0530] "GET /favicon.ico HTTP/1.1" 403 310 "http://localhost/" "Mozilla/5.0 (Windows NT 10.0; Win64; x64) AppleWebKit/537.36 (KHTML, like Gecko) Chrome/85.0.4183.102 Safari/537.36"
::1 - - [21/Sep/2020:03:50:18 +0530] "GET / HTTP/1.1" 403 310 "-" "Mozilla/5.0 (Windows NT 10.0; Win64; x64) AppleWebKit/537.36 (KHTML, like Gecko) Chrome/85.0.4183.102 Safari/537.36"
::1 - - [21/Sep/2020:03:50:18 +0530] "GET /favicon.ico HTTP/1.1" 403 310 "http://localhost/" "Mozilla/5.0 (Windows NT 10.0; Win64; x64) AppleWebKit/537.36 (KHTML, like Gecko) Chrome/85.0.4183.102 Safari/537.36"
::1 - - [21/Sep/2020:03:50:59 +0530] "GET / HTTP/1.1" 403 310 "-" "Mozilla/5.0 (Windows NT 10.0; Win64; x64) AppleWebKit/537.36 (KHTML, like Gecko) Chrome/85.0.4183.102 Safari/537.36"
::1 - - [21/Sep/2020:03:50:59 +0530] "GET /favicon.ico HTTP/1.1" 403 310 "http://localhost/" "Mozilla/5.0 (Windows NT 10.0; Win64; x64) AppleWebKit/537.36 (KHTML, like Gecko) Chrome/85.0.4183.102 Safari/537.36"
::1 - - [21/Sep/2020:03:51:39 +0530] "GET / HTTP/1.1" 403 310 "-" "Mozilla/5.0 (Windows NT 10.0; Win64; x64) AppleWebKit/537.36 (KHTML, like Gecko) Chrome/85.0.4183.102 Safari/537.36"
::1 - - [21/Sep/2020:03:51:39 +0530] "GET /favicon.ico HTTP/1.1" 403 310 "http://localhost/" "Mozilla/5.0 (Windows NT 10.0; Win64; x64) AppleWebKit/537.36 (KHTML, like Gecko) Chrome/85.0.4183.102 Safari/537.36"
::1 - - [21/Sep/2020:03:51:44 +0530] "GET /board HTTP/1.1" 403 310 "-" "Mozilla/5.0 (Windows NT 10.0; Win64; x64) AppleWebKit/537.36 (KHTML, like Gecko) Chrome/85.0.4183.102 Safari/537.36"
::1 - - [21/Sep/2020:03:51:44 +0530] "GET /favicon.ico HTTP/1.1" 403 310 "http://localhost/board" "Mozilla/5.0 (Windows NT 10.0; Win64; x64) AppleWebKit/537.36 (KHTML, like Gecko) Chrome/85.0.4183.102 Safari/537.36"
::1 - - [21/Sep/2020:03:56:35 +0530] "GET / HTTP/1.1" 403 310 "-" "Mozilla/5.0 (Windows NT 10.0; Win64; x64) AppleWebKit/537.36 (KHTML, like Gecko) Chrome/85.0.4183.102 Safari/537.36"
::1 - - [21/Sep/2020:03:56:36 +0530] "GET /favicon.ico HTTP/1.1" 403 310 "http://localhost/" "Mozilla/5.0 (Windows NT 10.0; Win64; x64) AppleWebKit/537.36 (KHTML, like Gecko) Chrome/85.0.4183.102 Safari/537.36"
::1 - - [21/Sep/2020:03:58:01 +0530] "GET / HTTP/1.1" 403 310 "-" "Mozilla/5.0 (Windows NT 10.0; Win64; x64) AppleWebKit/537.36 (KHTML, like Gecko) Chrome/85.0.4183.102 Safari/537.36"
::1 - - [21/Sep/2020:03:58:01 +0530] "GET /favicon.ico HTTP/1.1" 403 310 "http://localhost/" "Mozilla/5.0 (Windows NT 10.0; Win64; x64) AppleWebKit/537.36 (KHTML, like Gecko) Chrome/85.0.4183.102 Safari/537.36"
127.0.0.1 - - [21/Sep/2020:03:59:01 +0530] "-" 408 - "-" "-"
::1 - - [21/Sep/2020:03:59:32 +0530] "GET / HTTP/1.1" 403 310 "-" "Mozilla/5.0 (Windows NT 10.0; Win64; x64) AppleWebKit/537.36 (KHTML, like Gecko) Chrome/85.0.4183.102 Safari/537.36"
::1 - - [21/Sep/2020:03:59:33 +0530] "GET /favicon.ico HTTP/1.1" 403 310 "http://localhost/" "Mozilla/5.0 (Windows NT 10.0; Win64; x64) AppleWebKit/537.36 (KHTML, like Gecko) Chrome/85.0.4183.102 Safari/537.36"
