[Mon Sep 21 03:25:33.119403 2020] [authz_core:error] [pid 13316:tid 1332] [client ::1:53788] AH01630: client denied by server configuration: C:/Users/BijitAcharyya/Desktop/charts_django/rsac_dashboard/Census_Dashboard/dashboard/wsgi_windows.py, referer: https://medium.com/@ahmadalsajid/serve-django-applications-with-mode-wsgi-and-apache-on-windows-server-4d35ab2ac6b6
[Mon Sep 21 03:25:33.464416 2020] [authz_core:error] [pid 13316:tid 1332] [client ::1:53788] AH01630: client denied by server configuration: C:/Users/BijitAcharyya/Desktop/charts_django/rsac_dashboard/Census_Dashboard/dashboard/wsgi_windows.py, referer: http://localhost/
[Mon Sep 21 03:25:53.274553 2020] [authz_core:error] [pid 13316:tid 1332] [client ::1:53791] AH01630: client denied by server configuration: C:/Users/BijitAcharyya/Desktop/charts_django/rsac_dashboard/Census_Dashboard/dashboard/wsgi_windows.py
[Mon Sep 21 03:25:53.370506 2020] [authz_core:error] [pid 13316:tid 1332] [client ::1:53791] AH01630: client denied by server configuration: C:/Users/BijitAcharyya/Desktop/charts_django/rsac_dashboard/Census_Dashboard/dashboard/wsgi_windows.py, referer: http://localhost/board/home
[Mon Sep 21 03:25:56.013704 2020] [authz_core:error] [pid 13316:tid 1332] [client ::1:53791] AH01630: client denied by server configuration: C:/Users/BijitAcharyya/Desktop/charts_django/rsac_dashboard/Census_Dashboard/dashboard/wsgi_windows.py
[Mon Sep 21 03:25:56.089677 2020] [authz_core:error] [pid 13316:tid 1332] [client ::1:53791] AH01630: client denied by server configuration: C:/Users/BijitAcharyya/Desktop/charts_django/rsac_dashboard/Census_Dashboard/dashboard/wsgi_windows.py, referer: http://localhost/board/home
[Mon Sep 21 03:25:59.464689 2020] [authz_core:error] [pid 13316:tid 1332] [client ::1:53791] AH01630: client denied by server configuration: C:/Users/BijitAcharyya/Desktop/charts_django/rsac_dashboard/Census_Dashboard/dashboard/wsgi_windows.py
[Mon Sep 21 03:25:59.560657 2020] [authz_core:error] [pid 13316:tid 1332] [client ::1:53791] AH01630: client denied by server configuration: C:/Users/BijitAcharyya/Desktop/charts_django/rsac_dashboard/Census_Dashboard/dashboard/wsgi_windows.py, referer: http://localhost/board/home
[Mon Sep 21 03:26:15.835852 2020] [authz_core:error] [pid 13316:tid 1332] [client ::1:53794] AH01630: client denied by server configuration: C:/Users/BijitAcharyya/Desktop/charts_django/rsac_dashboard/Census_Dashboard/dashboard/wsgi_windows.py
[Mon Sep 21 03:26:16.061778 2020] [authz_core:error] [pid 13316:tid 1332] [client ::1:53794] AH01630: client denied by server configuration: C:/Users/BijitAcharyya/Desktop/charts_django/rsac_dashboard/Census_Dashboard/dashboard/wsgi_windows.py, referer: http://localhost/
[Mon Sep 21 03:31:06.843985 2020] [authz_core:error] [pid 11564:tid 1324] [client ::1:53831] AH01630: client denied by server configuration: C:/Users/BijitAcharyya/Desktop/charts_django/rsac_dashboard/Census_Dashboard/dashboard/wsgi_windows.py
[Mon Sep 21 03:31:06.960946 2020] [authz_core:error] [pid 11564:tid 1324] [client ::1:53831] AH01630: client denied by server configuration: C:/Users/BijitAcharyya/Desktop/charts_django/rsac_dashboard/Census_Dashboard/dashboard/wsgi_windows.py, referer: http://localhost/board/home
[Mon Sep 21 03:31:26.112401 2020] [authz_core:error] [pid 11564:tid 1324] [client ::1:53840] AH01630: client denied by server configuration: C:/Users/BijitAcharyya/Desktop/charts_django/rsac_dashboard/Census_Dashboard/dashboard/wsgi_windows.py
[Mon Sep 21 03:31:26.205371 2020] [authz_core:error] [pid 11564:tid 1324] [client ::1:53840] AH01630: client denied by server configuration: C:/Users/BijitAcharyya/Desktop/charts_django/rsac_dashboard/Census_Dashboard/dashboard/wsgi_windows.py, referer: http://localhost/
[Mon Sep 21 03:31:31.375042 2020] [authz_core:error] [pid 11564:tid 1324] [client ::1:53844] AH01630: client denied by server configuration: C:/Users/BijitAcharyya/Desktop/charts_django/rsac_dashboard/Census_Dashboard/dashboard/wsgi_windows.py
[Mon Sep 21 03:31:31.469013 2020] [authz_core:error] [pid 11564:tid 1324] [client ::1:53844] AH01630: client denied by server configuration: C:/Users/BijitAcharyya/Desktop/charts_django/rsac_dashboard/Census_Dashboard/dashboard/wsgi_windows.py, referer: http://localhost/home
[Mon Sep 21 03:31:38.772329 2020] [authz_core:error] [pid 11564:tid 1324] [client ::1:53845] AH01630: client denied by server configuration: C:/Users/BijitAcharyya/Desktop/charts_django/rsac_dashboard/Census_Dashboard/dashboard/wsgi_windows.py
[Mon Sep 21 03:31:38.860282 2020] [authz_core:error] [pid 11564:tid 1324] [client ::1:53845] AH01630: client denied by server configuration: C:/Users/BijitAcharyya/Desktop/charts_django/rsac_dashboard/Census_Dashboard/dashboard/wsgi_windows.py, referer: http://localhost/board
[Mon Sep 21 03:31:41.338951 2020] [authz_core:error] [pid 11564:tid 1324] [client ::1:53845] AH01630: client denied by server configuration: C:/Users/BijitAcharyya/Desktop/charts_django/rsac_dashboard/Census_Dashboard/dashboard/wsgi_windows.py
[Mon Sep 21 03:31:41.432912 2020] [authz_core:error] [pid 11564:tid 1324] [client ::1:53845] AH01630: client denied by server configuration: C:/Users/BijitAcharyya/Desktop/charts_django/rsac_dashboard/Census_Dashboard/dashboard/wsgi_windows.py, referer: http://localhost/board
[Mon Sep 21 03:33:26.404205 2020] [authz_core:error] [pid 13636:tid 1324] [client ::1:53852] AH01630: client denied by server configuration: C:/Users/BijitAcharyya/Desktop/charts_django/rsac_dashboard/Census_Dashboard/dashboard/wsgi_windows.py
[Mon Sep 21 03:33:26.482191 2020] [authz_core:error] [pid 13636:tid 1324] [client ::1:53852] AH01630: client denied by server configuration: C:/Users/BijitAcharyya/Desktop/charts_django/rsac_dashboard/Census_Dashboard/dashboard/wsgi_windows.py, referer: http://localhost/board
[Mon Sep 21 03:33:28.300518 2020] [authz_core:error] [pid 13636:tid 1324] [client ::1:53852] AH01630: client denied by server configuration: C:/Users/BijitAcharyya/Desktop/charts_django/rsac_dashboard/Census_Dashboard/dashboard/wsgi_windows.py
[Mon Sep 21 03:33:28.388507 2020] [authz_core:error] [pid 13636:tid 1324] [client ::1:53852] AH01630: client denied by server configuration: C:/Users/BijitAcharyya/Desktop/charts_django/rsac_dashboard/Census_Dashboard/dashboard/wsgi_windows.py, referer: http://localhost/board
[Mon Sep 21 03:33:31.620304 2020] [authz_core:error] [pid 13636:tid 1324] [client ::1:53852] AH01630: client denied by server configuration: C:/Users/BijitAcharyya/Desktop/charts_django/rsac_dashboard/Census_Dashboard/dashboard/wsgi_windows.py
[Mon Sep 21 03:33:31.713280 2020] [authz_core:error] [pid 13636:tid 1324] [client ::1:53852] AH01630: client denied by server configuration: C:/Users/BijitAcharyya/Desktop/charts_django/rsac_dashboard/Census_Dashboard/dashboard/wsgi_windows.py, referer: http://localhost/
[Mon Sep 21 03:33:34.155926 2020] [authz_core:error] [pid 13636:tid 1324] [client ::1:53852] AH01630: client denied by server configuration: C:/Users/BijitAcharyya/Desktop/charts_django/rsac_dashboard/Census_Dashboard/dashboard/wsgi_windows.py
[Mon Sep 21 03:33:34.233904 2020] [authz_core:error] [pid 13636:tid 1324] [client ::1:53852] AH01630: client denied by server configuration: C:/Users/BijitAcharyya/Desktop/charts_django/rsac_dashboard/Census_Dashboard/dashboard/wsgi_windows.py, referer: http://localhost/
[Mon Sep 21 03:34:08.986083 2020] [authz_core:error] [pid 13636:tid 1324] [client ::1:53853] AH01630: client denied by server configuration: C:/Users/BijitAcharyya/Desktop/charts_django/rsac_dashboard/Census_Dashboard/dashboard/wsgi_windows.py
[Mon Sep 21 03:34:09.257993 2020] [authz_core:error] [pid 13636:tid 1324] [client ::1:53853] AH01630: client denied by server configuration: C:/Users/BijitAcharyya/Desktop/charts_django/rsac_dashboard/Census_Dashboard/dashboard/wsgi_windows.py, referer: http://localhost/
[Mon Sep 21 03:35:29.944919 2020] [authz_core:error] [pid 20948:tid 1332] [client ::1:53894] AH01630: client denied by server configuration: C:/Users/BijitAcharyya/Desktop/charts_django/rsac_dashboard/Census_Dashboard/dashboard/wsgi_windows.py
[Mon Sep 21 03:35:30.017880 2020] [authz_core:error] [pid 20948:tid 1332] [client ::1:53894] AH01630: client denied by server configuration: C:/Users/BijitAcharyya/Desktop/charts_django/rsac_dashboard/Census_Dashboard/dashboard/wsgi_windows.py, referer: http://localhost/
[Mon Sep 21 03:35:34.579316 2020] [authz_core:error] [pid 20948:tid 1332] [client ::1:53894] AH01630: client denied by server configuration: C:/Users/BijitAcharyya/Desktop/charts_django/rsac_dashboard/Census_Dashboard/dashboard/wsgi_windows.py
[Mon Sep 21 03:35:34.658299 2020] [authz_core:error] [pid 20948:tid 1332] [client ::1:53894] AH01630: client denied by server configuration: C:/Users/BijitAcharyya/Desktop/charts_django/rsac_dashboard/Census_Dashboard/dashboard/wsgi_windows.py, referer: http://localhost/
[Mon Sep 21 03:35:36.173322 2020] [authz_core:error] [pid 20948:tid 1332] [client ::1:53894] AH01630: client denied by server configuration: C:/Users/BijitAcharyya/Desktop/charts_django/rsac_dashboard/Census_Dashboard/dashboard/wsgi_windows.py
[Mon Sep 21 03:35:36.250296 2020] [authz_core:error] [pid 20948:tid 1332] [client ::1:53894] AH01630: client denied by server configuration: C:/Users/BijitAcharyya/Desktop/charts_django/rsac_dashboard/Census_Dashboard/dashboard/wsgi_windows.py, referer: http://localhost/
[Mon Sep 21 03:35:36.679976 2020] [authz_core:error] [pid 20948:tid 1332] [client ::1:53894] AH01630: client denied by server configuration: C:/Users/BijitAcharyya/Desktop/charts_django/rsac_dashboard/Census_Dashboard/dashboard/wsgi_windows.py
[Mon Sep 21 03:35:36.757951 2020] [authz_core:error] [pid 20948:tid 1332] [client ::1:53894] AH01630: client denied by server configuration: C:/Users/BijitAcharyya/Desktop/charts_django/rsac_dashboard/Census_Dashboard/dashboard/wsgi_windows.py, referer: http://localhost/
[Mon Sep 21 03:35:37.431076 2020] [authz_core:error] [pid 20948:tid 1332] [client ::1:53894] AH01630: client denied by server configuration: C:/Users/BijitAcharyya/Desktop/charts_django/rsac_dashboard/Census_Dashboard/dashboard/wsgi_windows.py
[Mon Sep 21 03:35:37.512050 2020] [authz_core:error] [pid 20948:tid 1332] [client ::1:53894] AH01630: client denied by server configuration: C:/Users/BijitAcharyya/Desktop/charts_django/rsac_dashboard/Census_Dashboard/dashboard/wsgi_windows.py, referer: http://localhost/
[Mon Sep 21 03:36:26.344729 2020] [authz_core:error] [pid 12432:tid 1324] [client ::1:53901] AH01630: client denied by server configuration: C:/Users/BijitAcharyya/Desktop/charts_django/rsac_dashboard/Census_Dashboard/dashboard/wsgi_windows.py
[Mon Sep 21 03:36:26.463709 2020] [authz_core:error] [pid 12432:tid 1324] [client ::1:53901] AH01630: client denied by server configuration: C:/Users/BijitAcharyya/Desktop/charts_django/rsac_dashboard/Census_Dashboard/dashboard/wsgi_windows.py, referer: http://localhost/
[Mon Sep 21 03:36:28.492156 2020] [authz_core:error] [pid 12432:tid 1324] [client ::1:53901] AH01630: client denied by server configuration: C:/Users/BijitAcharyya/Desktop/charts_django/rsac_dashboard/Census_Dashboard/dashboard/wsgi_windows.py
[Mon Sep 21 03:36:28.590128 2020] [authz_core:error] [pid 12432:tid 1324] [client ::1:53901] AH01630: client denied by server configuration: C:/Users/BijitAcharyya/Desktop/charts_django/rsac_dashboard/Census_Dashboard/dashboard/wsgi_windows.py, referer: http://localhost/
[Mon Sep 21 03:36:33.673857 2020] [authz_core:error] [pid 12432:tid 1324] [client ::1:53902] AH01630: client denied by server configuration: C:/Users/BijitAcharyya/Desktop/charts_django/rsac_dashboard/Census_Dashboard/dashboard/wsgi_windows.py
[Mon Sep 21 03:36:33.765806 2020] [authz_core:error] [pid 12432:tid 1324] [client ::1:53902] AH01630: client denied by server configuration: C:/Users/BijitAcharyya/Desktop/charts_django/rsac_dashboard/Census_Dashboard/dashboard/wsgi_windows.py, referer: http://localhost/board
[Mon Sep 21 03:36:49.335786 2020] [authz_core:error] [pid 12432:tid 1324] [client ::1:53903] AH01630: client denied by server configuration: C:/Users/BijitAcharyya/Desktop/charts_django/rsac_dashboard/Census_Dashboard/dashboard/wsgi_windows.py
[Mon Sep 21 03:36:49.618696 2020] [authz_core:error] [pid 12432:tid 1324] [client ::1:53903] AH01630: client denied by server configuration: C:/Users/BijitAcharyya/Desktop/charts_django/rsac_dashboard/Census_Dashboard/dashboard/wsgi_windows.py, referer: http://localhost/
[Mon Sep 21 03:38:07.637103 2020] [authz_core:error] [pid 11336:tid 1324] [client ::1:53909] AH01630: client denied by server configuration: C:/Users/BijitAcharyya/Desktop/charts_django/rsac_dashboard/Census_Dashboard/dashboard/wsgi_windows.py
[Mon Sep 21 03:38:07.884025 2020] [authz_core:error] [pid 11336:tid 1324] [client ::1:53909] AH01630: client denied by server configuration: C:/Users/BijitAcharyya/Desktop/charts_django/rsac_dashboard/Census_Dashboard/dashboard/wsgi_windows.py, referer: http://localhost/
[Mon Sep 21 03:47:53.527379 2020] [authz_core:error] [pid 12272:tid 1324] [client ::1:53958] AH01630: client denied by server configuration: C:/Users/BijitAcharyya/Desktop/charts_django/rsac_dashboard/Census_Dashboard/dashboard/wsgi_windows.py
[Mon Sep 21 03:47:53.629346 2020] [authz_core:error] [pid 12272:tid 1324] [client ::1:53958] AH01630: client denied by server configuration: C:/Users/BijitAcharyya/Desktop/charts_django/rsac_dashboard/Census_Dashboard/dashboard/wsgi_windows.py, referer: http://localhost/
[Mon Sep 21 03:47:55.694861 2020] [authz_core:error] [pid 12272:tid 1324] [client ::1:53958] AH01630: client denied by server configuration: C:/Users/BijitAcharyya/Desktop/charts_django/rsac_dashboard/Census_Dashboard/dashboard/wsgi_windows.py
[Mon Sep 21 03:47:55.779662 2020] [authz_core:error] [pid 12272:tid 1324] [client ::1:53958] AH01630: client denied by server configuration: C:/Users/BijitAcharyya/Desktop/charts_django/rsac_dashboard/Census_Dashboard/dashboard/wsgi_windows.py, referer: http://localhost/
[Mon Sep 21 03:49:58.615004 2020] [mpm_winnt:notice] [pid 18320:tid 864] AH00455: Apache/2.4.46 (Win64) PHP/7.3.21 mod_wsgi/4.7.1 Python/3.7 configured -- resuming normal operations
[Mon Sep 21 03:49:58.616005 2020] [mpm_winnt:notice] [pid 18320:tid 864] AH00456: Apache Lounge VS16 Server built: Aug  2 2020 10:21:32
[Mon Sep 21 03:49:58.616005 2020] [core:notice] [pid 18320:tid 864] AH00094: Command line: 'c:\\wamp64\\bin\\apache\\apache2.4.46\\bin\\httpd.exe -d C:/wamp64/bin/apache/apache2.4.46'
[Mon Sep 21 03:49:58.619004 2020] [mpm_winnt:notice] [pid 18320:tid 864] AH00418: Parent: Created child process 616
[Mon Sep 21 03:49:59.651970 2020] [mpm_winnt:notice] [pid 616:tid 876] AH00354: Child: Starting 64 worker threads.
[Mon Sep 21 03:50:10.573107 2020] [authz_core:error] [pid 616:tid 1328] [client ::1:53972] AH01630: client denied by server configuration: C:/Users/BijitAcharyya/Desktop/charts_django/rsac_dashboard/Census_Dashboard/dashboard/wsgi_windows.py
[Mon Sep 21 03:50:10.676369 2020] [authz_core:error] [pid 616:tid 1328] [client ::1:53972] AH01630: client denied by server configuration: C:/Users/BijitAcharyya/Desktop/charts_django/rsac_dashboard/Census_Dashboard/dashboard/wsgi_windows.py, referer: http://localhost/
[Mon Sep 21 03:50:13.739131 2020] [authz_core:error] [pid 616:tid 1328] [client ::1:53972] AH01630: client denied by server configuration: C:/Users/BijitAcharyya/Desktop/charts_django/rsac_dashboard/Census_Dashboard/dashboard/wsgi_windows.py
[Mon Sep 21 03:50:13.832096 2020] [authz_core:error] [pid 616:tid 1328] [client ::1:53972] AH01630: client denied by server configuration: C:/Users/BijitAcharyya/Desktop/charts_django/rsac_dashboard/Census_Dashboard/dashboard/wsgi_windows.py, referer: http://localhost/
[Mon Sep 21 03:50:16.137928 2020] [authz_core:error] [pid 616:tid 1328] [client ::1:53972] AH01630: client denied by server configuration: C:/Users/BijitAcharyya/Desktop/charts_django/rsac_dashboard/Census_Dashboard/dashboard/wsgi_windows.py
[Mon Sep 21 03:50:16.253879 2020] [authz_core:error] [pid 616:tid 1328] [client ::1:53972] AH01630: client denied by server configuration: C:/Users/BijitAcharyya/Desktop/charts_django/rsac_dashboard/Census_Dashboard/dashboard/wsgi_windows.py, referer: http://localhost/
[Mon Sep 21 03:50:17.452969 2020] [authz_core:error] [pid 616:tid 1328] [client ::1:53972] AH01630: client denied by server configuration: C:/Users/BijitAcharyya/Desktop/charts_django/rsac_dashboard/Census_Dashboard/dashboard/wsgi_windows.py
[Mon Sep 21 03:50:17.540968 2020] [authz_core:error] [pid 616:tid 1328] [client ::1:53972] AH01630: client denied by server configuration: C:/Users/BijitAcharyya/Desktop/charts_django/rsac_dashboard/Census_Dashboard/dashboard/wsgi_windows.py, referer: http://localhost/
[Mon Sep 21 03:50:18.186722 2020] [authz_core:error] [pid 616:tid 1328] [client ::1:53972] AH01630: client denied by server configuration: C:/Users/BijitAcharyya/Desktop/charts_django/rsac_dashboard/Census_Dashboard/dashboard/wsgi_windows.py
[Mon Sep 21 03:50:18.271699 2020] [authz_core:error] [pid 616:tid 1328] [client ::1:53972] AH01630: client denied by server configuration: C:/Users/BijitAcharyya/Desktop/charts_django/rsac_dashboard/Census_Dashboard/dashboard/wsgi_windows.py, referer: http://localhost/
[Mon Sep 21 03:50:45.511759 2020] [mpm_winnt:notice] [pid 18320:tid 864] AH00422: Parent: Received shutdown signal -- Shutting down the server.
[Mon Sep 21 03:50:47.514107 2020] [mpm_winnt:notice] [pid 616:tid 876] AH00364: Child: All worker threads have exited.
[Mon Sep 21 03:50:47.606077 2020] [mpm_winnt:notice] [pid 18320:tid 864] AH00430: Parent: Child process 616 exited successfully.
[Mon Sep 21 03:50:49.148233 2020] [mpm_winnt:notice] [pid 16764:tid 684] AH00455: Apache/2.4.46 (Win64) PHP/7.3.21 mod_wsgi/4.7.1 Python/3.7 configured -- resuming normal operations
[Mon Sep 21 03:50:49.148233 2020] [mpm_winnt:notice] [pid 16764:tid 684] AH00456: Apache Lounge VS16 Server built: Aug  2 2020 10:21:32
[Mon Sep 21 03:50:49.148233 2020] [core:notice] [pid 16764:tid 684] AH00094: Command line: 'c:\\wamp64\\bin\\apache\\apache2.4.46\\bin\\httpd.exe -d C:/wamp64/bin/apache/apache2.4.46'
[Mon Sep 21 03:50:49.151234 2020] [mpm_winnt:notice] [pid 16764:tid 684] AH00418: Parent: Created child process 7100
[Mon Sep 21 03:50:50.546412 2020] [mpm_winnt:notice] [pid 7100:tid 824] AH00354: Child: Starting 64 worker threads.
[Mon Sep 21 03:50:59.582774 2020] [authz_core:error] [pid 7100:tid 1332] [client ::1:53978] AH01630: client denied by server configuration: C:/Users/BijitAcharyya/Desktop/charts_django/rsac_dashboard/Census_Dashboard/dashboard/wsgi_windows.py
[Mon Sep 21 03:50:59.710848 2020] [authz_core:error] [pid 7100:tid 1332] [client ::1:53978] AH01630: client denied by server configuration: C:/Users/BijitAcharyya/Desktop/charts_django/rsac_dashboard/Census_Dashboard/dashboard/wsgi_windows.py, referer: http://localhost/
[Mon Sep 21 03:51:21.020026 2020] [mpm_winnt:notice] [pid 16764:tid 684] AH00422: Parent: Received shutdown signal -- Shutting down the server.
[Mon Sep 21 03:51:23.024380 2020] [mpm_winnt:notice] [pid 7100:tid 824] AH00364: Child: All worker threads have exited.
[Mon Sep 21 03:51:23.196316 2020] [mpm_winnt:notice] [pid 16764:tid 684] AH00430: Parent: Child process 7100 exited successfully.
[Mon Sep 21 03:51:27.257005 2020] [mpm_winnt:notice] [pid 18888:tid 784] AH00455: Apache/2.4.46 (Win64) PHP/7.3.21 mod_wsgi/4.7.1 Python/3.7 configured -- resuming normal operations
[Mon Sep 21 03:51:27.257994 2020] [mpm_winnt:notice] [pid 18888:tid 784] AH00456: Apache Lounge VS16 Server built: Aug  2 2020 10:21:32
[Mon Sep 21 03:51:27.257994 2020] [core:notice] [pid 18888:tid 784] AH00094: Command line: 'c:\\wamp64\\bin\\apache\\apache2.4.46\\bin\\httpd.exe -d C:/wamp64/bin/apache/apache2.4.46'
[Mon Sep 21 03:51:27.260991 2020] [mpm_winnt:notice] [pid 18888:tid 784] AH00418: Parent: Created child process 11192
[Mon Sep 21 03:51:28.109718 2020] [mpm_winnt:notice] [pid 11192:tid 772] AH00354: Child: Starting 64 worker threads.
[Mon Sep 21 03:51:39.145136 2020] [authz_core:error] [pid 11192:tid 1328] [client ::1:53980] AH01630: client denied by server configuration: C:/Users/BijitAcharyya/Desktop/charts_django/rsac_dashboard/Census_Dashboard/dashboard/wsgi_windows.py
[Mon Sep 21 03:51:39.234086 2020] [authz_core:error] [pid 11192:tid 1328] [client ::1:53980] AH01630: client denied by server configuration: C:/Users/BijitAcharyya/Desktop/charts_django/rsac_dashboard/Census_Dashboard/dashboard/wsgi_windows.py, referer: http://localhost/
[Mon Sep 21 03:51:44.250738 2020] [authz_core:error] [pid 11192:tid 1328] [client ::1:53981] AH01630: client denied by server configuration: C:/Users/BijitAcharyya/Desktop/charts_django/rsac_dashboard/Census_Dashboard/dashboard/wsgi_windows.py
[Mon Sep 21 03:51:44.389718 2020] [authz_core:error] [pid 11192:tid 1328] [client ::1:53981] AH01630: client denied by server configuration: C:/Users/BijitAcharyya/Desktop/charts_django/rsac_dashboard/Census_Dashboard/dashboard/wsgi_windows.py, referer: http://localhost/board
[Mon Sep 21 03:56:10.242754 2020] [mpm_winnt:notice] [pid 18888:tid 784] AH00422: Parent: Received shutdown signal -- Shutting down the server.
[Mon Sep 21 03:56:12.246110 2020] [mpm_winnt:notice] [pid 11192:tid 772] AH00364: Child: All worker threads have exited.
[Mon Sep 21 03:56:12.447046 2020] [mpm_winnt:notice] [pid 18888:tid 784] AH00430: Parent: Child process 11192 exited successfully.
[Mon Sep 21 03:56:16.657413 2020] [mpm_winnt:notice] [pid 6656:tid 748] AH00455: Apache/2.4.46 (Win64) PHP/7.3.21 mod_wsgi/4.7.1 Python/3.7 configured -- resuming normal operations
[Mon Sep 21 03:56:16.657413 2020] [mpm_winnt:notice] [pid 6656:tid 748] AH00456: Apache Lounge VS16 Server built: Aug  2 2020 10:21:32
[Mon Sep 21 03:56:16.657413 2020] [core:notice] [pid 6656:tid 748] AH00094: Command line: 'c:\\wamp64\\bin\\apache\\apache2.4.46\\bin\\httpd.exe -d C:/wamp64/bin/apache/apache2.4.46'
[Mon Sep 21 03:56:16.661412 2020] [mpm_winnt:notice] [pid 6656:tid 748] AH00418: Parent: Created child process 16312
[Mon Sep 21 03:56:17.758059 2020] [mpm_winnt:notice] [pid 16312:tid 528] AH00354: Child: Starting 64 worker threads.
[Mon Sep 21 03:56:35.748249 2020] [authz_core:error] [pid 16312:tid 1332] [client ::1:54014] AH01630: client denied by server configuration: C:/Users/BijitAcharyya/Desktop/charts_django/rsac_dashboard/Census_Dashboard/dashboard/wsgi_windows.py
[Mon Sep 21 03:56:36.235415 2020] [authz_core:error] [pid 16312:tid 1332] [client ::1:54014] AH01630: client denied by server configuration: C:/Users/BijitAcharyya/Desktop/charts_django/rsac_dashboard/Census_Dashboard/dashboard/wsgi_windows.py, referer: http://localhost/
[Mon Sep 21 03:57:54.285451 2020] [mpm_winnt:notice] [pid 6656:tid 748] AH00422: Parent: Received shutdown signal -- Shutting down the server.
[Mon Sep 21 03:57:56.287807 2020] [mpm_winnt:notice] [pid 16312:tid 528] AH00364: Child: All worker threads have exited.
[Mon Sep 21 03:57:56.437527 2020] [mpm_winnt:notice] [pid 6656:tid 748] AH00430: Parent: Child process 16312 exited successfully.
[Mon Sep 21 03:58:00.217249 2020] [mpm_winnt:notice] [pid 18560:tid 816] AH00455: Apache/2.4.46 (Win64) PHP/7.3.21 mod_wsgi/4.7.1 Python/3.7 configured -- resuming normal operations
[Mon Sep 21 03:58:00.217249 2020] [mpm_winnt:notice] [pid 18560:tid 816] AH00456: Apache Lounge VS16 Server built: Aug  2 2020 10:21:32
[Mon Sep 21 03:58:00.217249 2020] [core:notice] [pid 18560:tid 816] AH00094: Command line: 'c:\\wamp64\\bin\\apache\\apache2.4.46\\bin\\httpd.exe -d C:/wamp64/bin/apache/apache2.4.46'
[Mon Sep 21 03:58:00.222247 2020] [mpm_winnt:notice] [pid 18560:tid 816] AH00418: Parent: Created child process 6252
[Mon Sep 21 03:58:01.239919 2020] [mpm_winnt:notice] [pid 6252:tid 800] AH00354: Child: Starting 64 worker threads.
[Mon Sep 21 03:58:01.243922 2020] [authz_core:error] [pid 6252:tid 1320] [client ::1:54062] AH01630: client denied by server configuration: C:/Users/BijitAcharyya/Desktop/charts_django/rsac_dashboard/Census_Dashboard/dashboard/wsgi_windows.py
[Mon Sep 21 03:58:01.523833 2020] [authz_core:error] [pid 6252:tid 1320] [client ::1:54062] AH01630: client denied by server configuration: C:/Users/BijitAcharyya/Desktop/charts_django/rsac_dashboard/Census_Dashboard/dashboard/wsgi_windows.py, referer: http://localhost/
[Mon Sep 21 03:59:32.977583 2020] [authz_core:error] [pid 6252:tid 1328] [client ::1:54084] AH01630: client denied by server configuration: C:/Users/BijitAcharyya/Desktop/charts_django/rsac_dashboard/Census_Dashboard/dashboard/wsgi_windows.py
[Mon Sep 21 03:59:33.070536 2020] [authz_core:error] [pid 6252:tid 1328] [client ::1:54084] AH01630: client denied by server configuration: C:/Users/BijitAcharyya/Desktop/charts_django/rsac_dashboard/Census_Dashboard/dashboard/wsgi_windows.py, referer: http://localhost/
